<?xml version="1.0" encoding="UTF-8"?>
<testsuite xmlns:xsi="http://www.w3.org/2001/XMLSchema-instance" xsi:noNamespaceSchemaLocation="https://maven.apache.org/surefire/maven-surefire-plugin/xsd/surefire-test-report-3.0.xsd" version="3.0" name="test.StartTest" time="156.391" tests="3" errors="0" skipped="0" failures="0">
  <properties>
    <property name="sun.desktop" value="windows"/>
    <property name="awt.toolkit" value="sun.awt.windows.WToolkit"/>
    <property name="java.specification.version" value="11"/>
    <property name="sun.cpu.isalist" value="amd64"/>
    <property name="sun.jnu.encoding" value="Cp1251"/>
    <property name="sun.awt.enableExtraMouseButtons" value="true"/>
    <property name="java.class.path" value="C:\Users\YShashkova\IdeaProjects\demoQA\target\test-classes;C:\Users\YShashkova\IdeaProjects\demoQA\target\classes;C:\Users\YShashkova\.m2\repository\net\datafaker\datafaker\2.0.2\datafaker-2.0.2.jar;C:\Users\YShashkova\.m2\repository\org\yaml\snakeyaml\2.2\snakeyaml-2.2.jar;C:\Users\YShashkova\.m2\repository\com\github\mifmif\generex\1.0.2\generex-1.0.2.jar;C:\Users\YShashkova\.m2\repository\dk\brics\automaton\automaton\1.11-8\automaton-1.11-8.jar;C:\Users\YShashkova\.m2\repository\org\knowm\xchart\xchart\3.8.5\xchart-3.8.5.jar;C:\Users\YShashkova\.m2\repository\de\erichseifert\vectorgraphics2d\VectorGraphics2D\0.13\VectorGraphics2D-0.13.jar;C:\Users\YShashkova\.m2\repository\de\rototor\pdfbox\graphics2d\0.43\graphics2d-0.43.jar;C:\Users\YShashkova\.m2\repository\org\apache\pdfbox\pdfbox\2.0.28\pdfbox-2.0.28.jar;C:\Users\YShashkova\.m2\repository\org\apache\pdfbox\fontbox\2.0.28\fontbox-2.0.28.jar;C:\Users\YShashkova\.m2\repository\com\madgag\animated-gif-lib\1.4\animated-gif-lib-1.4.jar;C:\Users\YShashkova\.m2\repository\com\github\romankh3\image-comparison\4.4.0\image-comparison-4.4.0.jar;C:\Users\YShashkova\.m2\repository\org\telegram\telegrambots\6.8.0\telegrambots-6.8.0.jar;C:\Users\YShashkova\.m2\repository\org\telegram\telegrambots-meta\6.8.0\telegrambots-meta-6.8.0.jar;C:\Users\YShashkova\.m2\repository\com\fasterxml\jackson\datatype\jackson-datatype-jsr310\2.14.2\jackson-datatype-jsr310-2.14.2.jar;C:\Users\YShashkova\.m2\repository\com\fasterxml\jackson\core\jackson-annotations\2.14.2\jackson-annotations-2.14.2.jar;C:\Users\YShashkova\.m2\repository\com\fasterxml\jackson\jaxrs\jackson-jaxrs-json-provider\2.14.2\jackson-jaxrs-json-provider-2.14.2.jar;C:\Users\YShashkova\.m2\repository\com\fasterxml\jackson\jaxrs\jackson-jaxrs-base\2.14.2\jackson-jaxrs-base-2.14.2.jar;C:\Users\YShashkova\.m2\repository\com\fasterxml\jackson\module\jackson-module-jaxb-annotations\2.14.2\jackson-module-jaxb-annotations-2.14.2.jar;C:\Users\YShashkova\.m2\repository\com\fasterxml\jackson\core\jackson-core\2.14.2\jackson-core-2.14.2.jar;C:\Users\YShashkova\.m2\repository\jakarta\xml\bind\jakarta.xml.bind-api\2.3.3\jakarta.xml.bind-api-2.3.3.jar;C:\Users\YShashkova\.m2\repository\com\fasterxml\jackson\core\jackson-databind\2.14.2\jackson-databind-2.14.2.jar;C:\Users\YShashkova\.m2\repository\org\glassfish\jersey\inject\jersey-hk2\2.35\jersey-hk2-2.35.jar;C:\Users\YShashkova\.m2\repository\org\glassfish\jersey\core\jersey-common\2.35\jersey-common-2.35.jar;C:\Users\YShashkova\.m2\repository\org\glassfish\hk2\osgi-resource-locator\1.0.3\osgi-resource-locator-1.0.3.jar;C:\Users\YShashkova\.m2\repository\org\glassfish\hk2\hk2-locator\2.6.1\hk2-locator-2.6.1.jar;C:\Users\YShashkova\.m2\repository\org\glassfish\hk2\external\aopalliance-repackaged\2.6.1\aopalliance-repackaged-2.6.1.jar;C:\Users\YShashkova\.m2\repository\org\glassfish\hk2\hk2-api\2.6.1\hk2-api-2.6.1.jar;C:\Users\YShashkova\.m2\repository\org\glassfish\hk2\hk2-utils\2.6.1\hk2-utils-2.6.1.jar;C:\Users\YShashkova\.m2\repository\org\javassist\javassist\3.25.0-GA\javassist-3.25.0-GA.jar;C:\Users\YShashkova\.m2\repository\org\glassfish\jersey\media\jersey-media-json-jackson\2.35\jersey-media-json-jackson-2.35.jar;C:\Users\YShashkova\.m2\repository\org\glassfish\jersey\ext\jersey-entity-filtering\2.35\jersey-entity-filtering-2.35.jar;C:\Users\YShashkova\.m2\repository\org\glassfish\jersey\containers\jersey-container-grizzly2-http\2.35\jersey-container-grizzly2-http-2.35.jar;C:\Users\YShashkova\.m2\repository\org\glassfish\hk2\external\jakarta.inject\2.6.1\jakarta.inject-2.6.1.jar;C:\Users\YShashkova\.m2\repository\org\glassfish\grizzly\grizzly-http-server\2.4.4\grizzly-http-server-2.4.4.jar;C:\Users\YShashkova\.m2\repository\org\glassfish\grizzly\grizzly-http\2.4.4\grizzly-http-2.4.4.jar;C:\Users\YShashkova\.m2\repository\org\glassfish\grizzly\grizzly-framework\2.4.4\grizzly-framework-2.4.4.jar;C:\Users\YShashkova\.m2\repository\jakarta\ws\rs\jakarta.ws.rs-api\2.1.6\jakarta.ws.rs-api-2.1.6.jar;C:\Users\YShashkova\.m2\repository\org\glassfish\jersey\core\jersey-server\2.35\jersey-server-2.35.jar;C:\Users\YShashkova\.m2\repository\org\glassfish\jersey\core\jersey-client\2.35\jersey-client-2.35.jar;C:\Users\YShashkova\.m2\repository\jakarta\annotation\jakarta.annotation-api\1.3.5\jakarta.annotation-api-1.3.5.jar;C:\Users\YShashkova\.m2\repository\jakarta\validation\jakarta.validation-api\2.0.2\jakarta.validation-api-2.0.2.jar;C:\Users\YShashkova\.m2\repository\org\apache\httpcomponents\httpclient\4.5.13\httpclient-4.5.13.jar;C:\Users\YShashkova\.m2\repository\org\apache\httpcomponents\httpcore\4.4.13\httpcore-4.4.13.jar;C:\Users\YShashkova\.m2\repository\commons-logging\commons-logging\1.2\commons-logging-1.2.jar;C:\Users\YShashkova\.m2\repository\commons-codec\commons-codec\1.11\commons-codec-1.11.jar;C:\Users\YShashkova\.m2\repository\org\apache\httpcomponents\httpmime\4.5.13\httpmime-4.5.13.jar;C:\Users\YShashkova\.m2\repository\commons-io\commons-io\2.11.0\commons-io-2.11.0.jar;C:\Users\YShashkova\.m2\repository\org\slf4j\slf4j-api\2.0.3\slf4j-api-2.0.3.jar;C:\Users\YShashkova\.m2\repository\com\github\javafaker\javafaker\1.0.2\javafaker-1.0.2.jar;C:\Users\YShashkova\.m2\repository\org\apache\commons\commons-lang3\3.5\commons-lang3-3.5.jar;C:\Users\YShashkova\.m2\repository\org\yaml\snakeyaml\1.23\snakeyaml-1.23-android.jar;C:\Users\YShashkova\.m2\repository\io\rest-assured\rest-assured\5.3.1\rest-assured-5.3.1.jar;C:\Users\YShashkova\.m2\repository\org\apache\groovy\groovy\4.0.11\groovy-4.0.11.jar;C:\Users\YShashkova\.m2\repository\org\apache\groovy\groovy-xml\4.0.11\groovy-xml-4.0.11.jar;C:\Users\YShashkova\.m2\repository\org\hamcrest\hamcrest\2.2\hamcrest-2.2.jar;C:\Users\YShashkova\.m2\repository\org\ccil\cowan\tagsoup\tagsoup\1.2.1\tagsoup-1.2.1.jar;C:\Users\YShashkova\.m2\repository\io\rest-assured\json-path\5.3.1\json-path-5.3.1.jar;C:\Users\YShashkova\.m2\repository\org\apache\groovy\groovy-json\4.0.11\groovy-json-4.0.11.jar;C:\Users\YShashkova\.m2\repository\io\rest-assured\rest-assured-common\5.3.1\rest-assured-common-5.3.1.jar;C:\Users\YShashkova\.m2\repository\io\rest-assured\xml-path\5.3.1\xml-path-5.3.1.jar;C:\Users\YShashkova\.m2\repository\org\junit-pioneer\junit-pioneer\2.0.1\junit-pioneer-2.0.1.jar;C:\Users\YShashkova\.m2\repository\org\junit\jupiter\junit-jupiter-api\5.9.3\junit-jupiter-api-5.9.3.jar;C:\Users\YShashkova\.m2\repository\org\opentest4j\opentest4j\1.2.0\opentest4j-1.2.0.jar;C:\Users\YShashkova\.m2\repository\org\junit\platform\junit-platform-commons\1.9.3\junit-platform-commons-1.9.3.jar;C:\Users\YShashkova\.m2\repository\org\apiguardian\apiguardian-api\1.1.2\apiguardian-api-1.1.2.jar;C:\Users\YShashkova\.m2\repository\org\junit\jupiter\junit-jupiter-params\5.9.3\junit-jupiter-params-5.9.3.jar;C:\Users\YShashkova\.m2\repository\org\junit\platform\junit-platform-launcher\1.9.3\junit-platform-launcher-1.9.3.jar;C:\Users\YShashkova\.m2\repository\org\junit\platform\junit-platform-engine\1.9.3\junit-platform-engine-1.9.3.jar;C:\Users\YShashkova\.m2\repository\io\github\artsok\rerunner-jupiter\2.1.6\rerunner-jupiter-2.1.6.jar;C:\Users\YShashkova\.m2\repository\org\junit\jupiter\junit-jupiter-engine\5.9.3\junit-jupiter-engine-5.9.3.jar;C:\Users\YShashkova\.m2\repository\org\assertj\assertj-core\3.24.2\assertj-core-3.24.2.jar;C:\Users\YShashkova\.m2\repository\net\bytebuddy\byte-buddy\1.12.21\byte-buddy-1.12.21.jar;C:\Users\YShashkova\.m2\repository\org\projectlombok\lombok\1.18.28\lombok-1.18.28.jar;C:\Users\YShashkova\.m2\repository\org\junit\jupiter\junit-jupiter\5.9.3\junit-jupiter-5.9.3.jar;C:\Users\YShashkova\.m2\repository\com\codeborne\selenide\6.19.0\selenide-6.19.0.jar;C:\Users\YShashkova\.m2\repository\org\seleniumhq\selenium\selenium-java\4.13.0\selenium-java-4.13.0.jar;C:\Users\YShashkova\.m2\repository\org\seleniumhq\selenium\selenium-api\4.13.0\selenium-api-4.13.0.jar;C:\Users\YShashkova\.m2\repository\org\seleniumhq\selenium\selenium-chrome-driver\4.13.0\selenium-chrome-driver-4.13.0.jar;C:\Users\YShashkova\.m2\repository\com\google\auto\service\auto-service-annotations\1.1.1\auto-service-annotations-1.1.1.jar;C:\Users\YShashkova\.m2\repository\org\seleniumhq\selenium\selenium-chromium-driver\4.13.0\selenium-chromium-driver-4.13.0.jar;C:\Users\YShashkova\.m2\repository\org\seleniumhq\selenium\selenium-json\4.13.0\selenium-json-4.13.0.jar;C:\Users\YShashkova\.m2\repository\org\seleniumhq\selenium\selenium-manager\4.13.0\selenium-manager-4.13.0.jar;C:\Users\YShashkova\.m2\repository\org\seleniumhq\selenium\selenium-devtools-v115\4.13.0\selenium-devtools-v115-4.13.0.jar;C:\Users\YShashkova\.m2\repository\org\seleniumhq\selenium\selenium-devtools-v116\4.13.0\selenium-devtools-v116-4.13.0.jar;C:\Users\YShashkova\.m2\repository\org\seleniumhq\selenium\selenium-devtools-v117\4.13.0\selenium-devtools-v117-4.13.0.jar;C:\Users\YShashkova\.m2\repository\org\seleniumhq\selenium\selenium-devtools-v85\4.13.0\selenium-devtools-v85-4.13.0.jar;C:\Users\YShashkova\.m2\repository\org\seleniumhq\selenium\selenium-edge-driver\4.13.0\selenium-edge-driver-4.13.0.jar;C:\Users\YShashkova\.m2\repository\org\seleniumhq\selenium\selenium-firefox-driver\4.13.0\selenium-firefox-driver-4.13.0.jar;C:\Users\YShashkova\.m2\repository\org\seleniumhq\selenium\selenium-http\4.13.0\selenium-http-4.13.0.jar;C:\Users\YShashkova\.m2\repository\dev\failsafe\failsafe\3.3.2\failsafe-3.3.2.jar;C:\Users\YShashkova\.m2\repository\org\seleniumhq\selenium\selenium-ie-driver\4.13.0\selenium-ie-driver-4.13.0.jar;C:\Users\YShashkova\.m2\repository\org\seleniumhq\selenium\selenium-remote-driver\4.13.0\selenium-remote-driver-4.13.0.jar;C:\Users\YShashkova\.m2\repository\io\netty\netty-transport-native-epoll\4.1.96.Final\netty-transport-native-epoll-4.1.96.Final.jar;C:\Users\YShashkova\.m2\repository\io\netty\netty-transport-native-kqueue\4.1.96.Final\netty-transport-native-kqueue-4.1.96.Final.jar;C:\Users\YShashkova\.m2\repository\io\opentelemetry\opentelemetry-api\1.28.0\opentelemetry-api-1.28.0.jar;C:\Users\YShashkova\.m2\repository\io\opentelemetry\opentelemetry-context\1.28.0\opentelemetry-context-1.28.0.jar;C:\Users\YShashkova\.m2\repository\io\opentelemetry\opentelemetry-exporter-logging\1.28.0\opentelemetry-exporter-logging-1.28.0.jar;C:\Users\YShashkova\.m2\repository\io\opentelemetry\opentelemetry-sdk-metrics\1.28.0\opentelemetry-sdk-metrics-1.28.0.jar;C:\Users\YShashkova\.m2\repository\io\opentelemetry\opentelemetry-extension-incubator\1.28.0-alpha\opentelemetry-extension-incubator-1.28.0-alpha.jar;C:\Users\YShashkova\.m2\repository\io\opentelemetry\opentelemetry-sdk-logs\1.28.0\opentelemetry-sdk-logs-1.28.0.jar;C:\Users\YShashkova\.m2\repository\io\opentelemetry\opentelemetry-sdk-common\1.28.0\opentelemetry-sdk-common-1.28.0.jar;C:\Users\YShashkova\.m2\repository\io\opentelemetry\opentelemetry-sdk-extension-autoconfigure-spi\1.28.0\opentelemetry-sdk-extension-autoconfigure-spi-1.28.0.jar;C:\Users\YShashkova\.m2\repository\io\opentelemetry\opentelemetry-sdk-extension-autoconfigure\1.28.0\opentelemetry-sdk-extension-autoconfigure-1.28.0.jar;C:\Users\YShashkova\.m2\repository\io\opentelemetry\opentelemetry-api-events\1.28.0-alpha\opentelemetry-api-events-1.28.0-alpha.jar;C:\Users\YShashkova\.m2\repository\io\opentelemetry\opentelemetry-sdk-trace\1.28.0\opentelemetry-sdk-trace-1.28.0.jar;C:\Users\YShashkova\.m2\repository\io\opentelemetry\opentelemetry-sdk\1.28.0\opentelemetry-sdk-1.28.0.jar;C:\Users\YShashkova\.m2\repository\io\opentelemetry\opentelemetry-semconv\1.28.0-alpha\opentelemetry-semconv-1.28.0-alpha.jar;C:\Users\YShashkova\.m2\repository\org\asynchttpclient\async-http-client\2.12.3\async-http-client-2.12.3.jar;C:\Users\YShashkova\.m2\repository\org\asynchttpclient\async-http-client-netty-utils\2.12.3\async-http-client-netty-utils-2.12.3.jar;C:\Users\YShashkova\.m2\repository\org\reactivestreams\reactive-streams\1.0.3\reactive-streams-1.0.3.jar;C:\Users\YShashkova\.m2\repository\com\typesafe\netty\netty-reactive-streams\2.0.4\netty-reactive-streams-2.0.4.jar;C:\Users\YShashkova\.m2\repository\com\sun\activation\jakarta.activation\1.2.2\jakarta.activation-1.2.2.jar;C:\Users\YShashkova\.m2\repository\org\seleniumhq\selenium\selenium-os\4.13.0\selenium-os-4.13.0.jar;C:\Users\YShashkova\.m2\repository\org\apache\commons\commons-exec\1.3\commons-exec-1.3.jar;C:\Users\YShashkova\.m2\repository\org\seleniumhq\selenium\selenium-safari-driver\4.13.0\selenium-safari-driver-4.13.0.jar;C:\Users\YShashkova\.m2\repository\org\seleniumhq\selenium\selenium-support\4.13.0\selenium-support-4.13.0.jar;C:\Users\YShashkova\.m2\repository\com\codeborne\selenide-core\6.19.0\selenide-core-6.19.0.jar;C:\Users\YShashkova\.m2\repository\org\apache\httpcomponents\client5\httpclient5\5.2.1\httpclient5-5.2.1.jar;C:\Users\YShashkova\.m2\repository\org\apache\httpcomponents\core5\httpcore5\5.2\httpcore5-5.2.jar;C:\Users\YShashkova\.m2\repository\org\apache\httpcomponents\core5\httpcore5-h2\5.2\httpcore5-h2-5.2.jar;C:\Users\YShashkova\.m2\repository\com\google\guava\guava\32.1.2-jre\guava-32.1.2-jre.jar;C:\Users\YShashkova\.m2\repository\com\google\guava\failureaccess\1.0.1\failureaccess-1.0.1.jar;C:\Users\YShashkova\.m2\repository\com\google\guava\listenablefuture\9999.0-empty-to-avoid-conflict-with-guava\listenablefuture-9999.0-empty-to-avoid-conflict-with-guava.jar;C:\Users\YShashkova\.m2\repository\com\google\code\findbugs\jsr305\3.0.2\jsr305-3.0.2.jar;C:\Users\YShashkova\.m2\repository\org\checkerframework\checker-qual\3.33.0\checker-qual-3.33.0.jar;C:\Users\YShashkova\.m2\repository\com\google\errorprone\error_prone_annotations\2.18.0\error_prone_annotations-2.18.0.jar;C:\Users\YShashkova\.m2\repository\com\google\j2objc\j2objc-annotations\2.8\j2objc-annotations-2.8.jar;C:\Users\YShashkova\.m2\repository\com\codeborne\selenide-proxy\6.19.0\selenide-proxy-6.19.0.jar;C:\Users\YShashkova\.m2\repository\com\github\valfirst\browserup-proxy\browserup-proxy-core\2.2.13\browserup-proxy-core-2.2.13.jar;C:\Users\YShashkova\.m2\repository\de\sstoehr\har-reader\2.2.1\har-reader-2.2.1.jar;C:\Users\YShashkova\.m2\repository\com\github\valfirst\browserup-proxy\browserup-proxy-mitm\2.2.13\browserup-proxy-mitm-2.2.13.jar;C:\Users\YShashkova\.m2\repository\javax\xml\bind\jaxb-api\2.3.1\jaxb-api-2.3.1.jar;C:\Users\YShashkova\.m2\repository\javax\activation\javax.activation-api\1.2.0\javax.activation-api-1.2.0.jar;C:\Users\YShashkova\.m2\repository\org\awaitility\awaitility\4.2.0\awaitility-4.2.0.jar;C:\Users\YShashkova\.m2\repository\com\jcraft\jzlib\1.1.3\jzlib-1.1.3.jar;C:\Users\YShashkova\.m2\repository\dnsjava\dnsjava\3.5.2\dnsjava-3.5.2.jar;C:\Users\YShashkova\.m2\repository\org\bouncycastle\bcpkix-jdk18on\1.76\bcpkix-jdk18on-1.76.jar;C:\Users\YShashkova\.m2\repository\org\bouncycastle\bcutil-jdk18on\1.76\bcutil-jdk18on-1.76.jar;C:\Users\YShashkova\.m2\repository\org\bouncycastle\bcprov-jdk18on\1.76\bcprov-jdk18on-1.76.jar;C:\Users\YShashkova\.m2\repository\org\brotli\dec\0.1.2\dec-0.1.2.jar;C:\Users\YShashkova\.m2\repository\org\slf4j\jcl-over-slf4j\2.0.9\jcl-over-slf4j-2.0.9.jar;C:\Users\YShashkova\.m2\repository\com\squareup\okhttp3\okhttp\4.11.0\okhttp-4.11.0.jar;C:\Users\YShashkova\.m2\repository\com\squareup\okio\okio\3.2.0\okio-3.2.0.jar;C:\Users\YShashkova\.m2\repository\com\squareup\okio\okio-jvm\3.2.0\okio-jvm-3.2.0.jar;C:\Users\YShashkova\.m2\repository\org\jetbrains\kotlin\kotlin-stdlib\1.6.20\kotlin-stdlib-1.6.20.jar;C:\Users\YShashkova\.m2\repository\org\jetbrains\kotlin\kotlin-stdlib-common\1.6.20\kotlin-stdlib-common-1.6.20.jar;C:\Users\YShashkova\.m2\repository\org\jetbrains\annotations\13.0\annotations-13.0.jar;C:\Users\YShashkova\.m2\repository\org\jetbrains\kotlin\kotlin-stdlib-jdk8\1.6.20\kotlin-stdlib-jdk8-1.6.20.jar;C:\Users\YShashkova\.m2\repository\org\jetbrains\kotlin\kotlin-stdlib-jdk7\1.6.20\kotlin-stdlib-jdk7-1.6.20.jar;C:\Users\YShashkova\.m2\repository\org\zeroturnaround\zt-exec\1.12\zt-exec-1.12.jar;C:\Users\YShashkova\.m2\repository\xyz\rogfam\littleproxy\2.0.21\littleproxy-2.0.21.jar;C:\Users\YShashkova\.m2\repository\com\barchart\udt\barchart-udt-bundle\2.3.0\barchart-udt-bundle-2.3.0.jar;C:\Users\YShashkova\.m2\repository\io\netty\netty-all\4.1.98.Final\netty-all-4.1.98.Final.jar;C:\Users\YShashkova\.m2\repository\io\netty\netty-buffer\4.1.98.Final\netty-buffer-4.1.98.Final.jar;C:\Users\YShashkova\.m2\repository\io\netty\netty-codec\4.1.98.Final\netty-codec-4.1.98.Final.jar;C:\Users\YShashkova\.m2\repository\io\netty\netty-codec-dns\4.1.98.Final\netty-codec-dns-4.1.98.Final.jar;C:\Users\YShashkova\.m2\repository\io\netty\netty-codec-haproxy\4.1.98.Final\netty-codec-haproxy-4.1.98.Final.jar;C:\Users\YShashkova\.m2\repository\io\netty\netty-codec-http\4.1.98.Final\netty-codec-http-4.1.98.Final.jar;C:\Users\YShashkova\.m2\repository\io\netty\netty-codec-http2\4.1.98.Final\netty-codec-http2-4.1.98.Final.jar;C:\Users\YShashkova\.m2\repository\io\netty\netty-codec-memcache\4.1.98.Final\netty-codec-memcache-4.1.98.Final.jar;C:\Users\YShashkova\.m2\repository\io\netty\netty-codec-mqtt\4.1.98.Final\netty-codec-mqtt-4.1.98.Final.jar;C:\Users\YShashkova\.m2\repository\io\netty\netty-codec-redis\4.1.98.Final\netty-codec-redis-4.1.98.Final.jar;C:\Users\YShashkova\.m2\repository\io\netty\netty-codec-smtp\4.1.98.Final\netty-codec-smtp-4.1.98.Final.jar;C:\Users\YShashkova\.m2\repository\io\netty\netty-codec-socks\4.1.98.Final\netty-codec-socks-4.1.98.Final.jar;C:\Users\YShashkova\.m2\repository\io\netty\netty-codec-stomp\4.1.98.Final\netty-codec-stomp-4.1.98.Final.jar;C:\Users\YShashkova\.m2\repository\io\netty\netty-codec-xml\4.1.98.Final\netty-codec-xml-4.1.98.Final.jar;C:\Users\YShashkova\.m2\repository\io\netty\netty-common\4.1.98.Final\netty-common-4.1.98.Final.jar;C:\Users\YShashkova\.m2\repository\io\netty\netty-handler\4.1.98.Final\netty-handler-4.1.98.Final.jar;C:\Users\YShashkova\.m2\repository\io\netty\netty-transport-native-unix-common\4.1.98.Final\netty-transport-native-unix-common-4.1.98.Final.jar;C:\Users\YShashkova\.m2\repository\io\netty\netty-handler-proxy\4.1.98.Final\netty-handler-proxy-4.1.98.Final.jar;C:\Users\YShashkova\.m2\repository\io\netty\netty-handler-ssl-ocsp\4.1.98.Final\netty-handler-ssl-ocsp-4.1.98.Final.jar;C:\Users\YShashkova\.m2\repository\io\netty\netty-resolver\4.1.98.Final\netty-resolver-4.1.98.Final.jar;C:\Users\YShashkova\.m2\repository\io\netty\netty-resolver-dns\4.1.98.Final\netty-resolver-dns-4.1.98.Final.jar;C:\Users\YShashkova\.m2\repository\io\netty\netty-transport\4.1.98.Final\netty-transport-4.1.98.Final.jar;C:\Users\YShashkova\.m2\repository\io\netty\netty-transport-rxtx\4.1.98.Final\netty-transport-rxtx-4.1.98.Final.jar;C:\Users\YShashkova\.m2\repository\io\netty\netty-transport-sctp\4.1.98.Final\netty-transport-sctp-4.1.98.Final.jar;C:\Users\YShashkova\.m2\repository\io\netty\netty-transport-udt\4.1.98.Final\netty-transport-udt-4.1.98.Final.jar;C:\Users\YShashkova\.m2\repository\io\netty\netty-transport-classes-epoll\4.1.98.Final\netty-transport-classes-epoll-4.1.98.Final.jar;C:\Users\YShashkova\.m2\repository\io\netty\netty-transport-classes-kqueue\4.1.98.Final\netty-transport-classes-kqueue-4.1.98.Final.jar;C:\Users\YShashkova\.m2\repository\io\netty\netty-resolver-dns-classes-macos\4.1.98.Final\netty-resolver-dns-classes-macos-4.1.98.Final.jar;C:\Users\YShashkova\.m2\repository\io\netty\netty-transport-native-epoll\4.1.98.Final\netty-transport-native-epoll-4.1.98.Final-linux-x86_64.jar;C:\Users\YShashkova\.m2\repository\io\netty\netty-transport-native-epoll\4.1.98.Final\netty-transport-native-epoll-4.1.98.Final-linux-aarch_64.jar;C:\Users\YShashkova\.m2\repository\io\netty\netty-transport-native-kqueue\4.1.98.Final\netty-transport-native-kqueue-4.1.98.Final-osx-x86_64.jar;C:\Users\YShashkova\.m2\repository\io\netty\netty-transport-native-kqueue\4.1.98.Final\netty-transport-native-kqueue-4.1.98.Final-osx-aarch_64.jar;C:\Users\YShashkova\.m2\repository\io\netty\netty-resolver-dns-native-macos\4.1.98.Final\netty-resolver-dns-native-macos-4.1.98.Final-osx-x86_64.jar;C:\Users\YShashkova\.m2\repository\io\netty\netty-resolver-dns-native-macos\4.1.98.Final\netty-resolver-dns-native-macos-4.1.98.Final-osx-aarch_64.jar;C:\Users\YShashkova\.m2\repository\io\qameta\allure\allure-selenide\2.22.2\allure-selenide-2.22.2.jar;C:\Users\YShashkova\.m2\repository\io\qameta\allure\allure-java-commons\2.22.2\allure-java-commons-2.22.2.jar;C:\Users\YShashkova\.m2\repository\io\qameta\allure\allure-model\2.22.2\allure-model-2.22.2.jar;C:\Users\YShashkova\.m2\repository\io\qameta\allure\allure-junit5\2.22.2\allure-junit5-2.22.2.jar;C:\Users\YShashkova\.m2\repository\io\qameta\allure\allure-junit-platform\2.22.2\allure-junit-platform-2.22.2.jar;C:\Users\YShashkova\.m2\repository\io\qameta\allure\allure-test-filter\2.22.2\allure-test-filter-2.22.2.jar;C:\Users\YShashkova\.m2\repository\org\slf4j\slf4j-simple\2.0.7\slf4j-simple-2.0.7.jar;C:\Users\YShashkova\.m2\repository\com\jayway\jsonpath\json-path\2.8.0\json-path-2.8.0.jar;C:\Users\YShashkova\.m2\repository\net\minidev\json-smart\2.4.10\json-smart-2.4.10.jar;C:\Users\YShashkova\.m2\repository\net\minidev\accessors-smart\2.4.9\accessors-smart-2.4.9.jar;C:\Users\YShashkova\.m2\repository\org\ow2\asm\asm\9.3\asm-9.3.jar;"/>
    <property name="java.vm.vendor" value="Oracle Corporation"/>
    <property name="sun.arch.data.model" value="64"/>
    <property name="user.variant" value=""/>
    <property name="java.vendor.url" value="https://openjdk.java.net/"/>
    <property name="user.timezone" value="GMT+03:00"/>
    <property name="java.vm.specification.version" value="11"/>
    <property name="os.name" value="Windows 10"/>
    <property name="testfillpageest" value="true"/>
    <property name="sun.java.launcher" value="SUN_STANDARD"/>
    <property name="user.country" value="RU"/>
    <property name="sun.boot.library.path" value="C:\Program Files\Java\jdk-11.0.13\bin"/>
    <property name="sun.java.command" value="C:\Users\YShashkova\AppData\Local\Temp\surefire15655454255866972569\surefirebooter-20231205082949350_3.jar C:\Users\YShashkova\AppData\Local\Temp\surefire15655454255866972569 2023-12-05T08-29-47_419-jvmRun1 surefire-20231205082949350_1tmp surefire_0-20231205082949350_2tmp"/>
    <property name="jdk.debug" value="release"/>
    <property name="surefire.test.class.path" value="C:\Users\YShashkova\IdeaProjects\demoQA\target\test-classes;C:\Users\YShashkova\IdeaProjects\demoQA\target\classes;C:\Users\YShashkova\.m2\repository\net\datafaker\datafaker\2.0.2\datafaker-2.0.2.jar;C:\Users\YShashkova\.m2\repository\org\yaml\snakeyaml\2.2\snakeyaml-2.2.jar;C:\Users\YShashkova\.m2\repository\com\github\mifmif\generex\1.0.2\generex-1.0.2.jar;C:\Users\YShashkova\.m2\repository\dk\brics\automaton\automaton\1.11-8\automaton-1.11-8.jar;C:\Users\YShashkova\.m2\repository\org\knowm\xchart\xchart\3.8.5\xchart-3.8.5.jar;C:\Users\YShashkova\.m2\repository\de\erichseifert\vectorgraphics2d\VectorGraphics2D\0.13\VectorGraphics2D-0.13.jar;C:\Users\YShashkova\.m2\repository\de\rototor\pdfbox\graphics2d\0.43\graphics2d-0.43.jar;C:\Users\YShashkova\.m2\repository\org\apache\pdfbox\pdfbox\2.0.28\pdfbox-2.0.28.jar;C:\Users\YShashkova\.m2\repository\org\apache\pdfbox\fontbox\2.0.28\fontbox-2.0.28.jar;C:\Users\YShashkova\.m2\repository\com\madgag\animated-gif-lib\1.4\animated-gif-lib-1.4.jar;C:\Users\YShashkova\.m2\repository\com\github\romankh3\image-comparison\4.4.0\image-comparison-4.4.0.jar;C:\Users\YShashkova\.m2\repository\org\telegram\telegrambots\6.8.0\telegrambots-6.8.0.jar;C:\Users\YShashkova\.m2\repository\org\telegram\telegrambots-meta\6.8.0\telegrambots-meta-6.8.0.jar;C:\Users\YShashkova\.m2\repository\com\fasterxml\jackson\datatype\jackson-datatype-jsr310\2.14.2\jackson-datatype-jsr310-2.14.2.jar;C:\Users\YShashkova\.m2\repository\com\fasterxml\jackson\core\jackson-annotations\2.14.2\jackson-annotations-2.14.2.jar;C:\Users\YShashkova\.m2\repository\com\fasterxml\jackson\jaxrs\jackson-jaxrs-json-provider\2.14.2\jackson-jaxrs-json-provider-2.14.2.jar;C:\Users\YShashkova\.m2\repository\com\fasterxml\jackson\jaxrs\jackson-jaxrs-base\2.14.2\jackson-jaxrs-base-2.14.2.jar;C:\Users\YShashkova\.m2\repository\com\fasterxml\jackson\module\jackson-module-jaxb-annotations\2.14.2\jackson-module-jaxb-annotations-2.14.2.jar;C:\Users\YShashkova\.m2\repository\com\fasterxml\jackson\core\jackson-core\2.14.2\jackson-core-2.14.2.jar;C:\Users\YShashkova\.m2\repository\jakarta\xml\bind\jakarta.xml.bind-api\2.3.3\jakarta.xml.bind-api-2.3.3.jar;C:\Users\YShashkova\.m2\repository\com\fasterxml\jackson\core\jackson-databind\2.14.2\jackson-databind-2.14.2.jar;C:\Users\YShashkova\.m2\repository\org\glassfish\jersey\inject\jersey-hk2\2.35\jersey-hk2-2.35.jar;C:\Users\YShashkova\.m2\repository\org\glassfish\jersey\core\jersey-common\2.35\jersey-common-2.35.jar;C:\Users\YShashkova\.m2\repository\org\glassfish\hk2\osgi-resource-locator\1.0.3\osgi-resource-locator-1.0.3.jar;C:\Users\YShashkova\.m2\repository\org\glassfish\hk2\hk2-locator\2.6.1\hk2-locator-2.6.1.jar;C:\Users\YShashkova\.m2\repository\org\glassfish\hk2\external\aopalliance-repackaged\2.6.1\aopalliance-repackaged-2.6.1.jar;C:\Users\YShashkova\.m2\repository\org\glassfish\hk2\hk2-api\2.6.1\hk2-api-2.6.1.jar;C:\Users\YShashkova\.m2\repository\org\glassfish\hk2\hk2-utils\2.6.1\hk2-utils-2.6.1.jar;C:\Users\YShashkova\.m2\repository\org\javassist\javassist\3.25.0-GA\javassist-3.25.0-GA.jar;C:\Users\YShashkova\.m2\repository\org\glassfish\jersey\media\jersey-media-json-jackson\2.35\jersey-media-json-jackson-2.35.jar;C:\Users\YShashkova\.m2\repository\org\glassfish\jersey\ext\jersey-entity-filtering\2.35\jersey-entity-filtering-2.35.jar;C:\Users\YShashkova\.m2\repository\org\glassfish\jersey\containers\jersey-container-grizzly2-http\2.35\jersey-container-grizzly2-http-2.35.jar;C:\Users\YShashkova\.m2\repository\org\glassfish\hk2\external\jakarta.inject\2.6.1\jakarta.inject-2.6.1.jar;C:\Users\YShashkova\.m2\repository\org\glassfish\grizzly\grizzly-http-server\2.4.4\grizzly-http-server-2.4.4.jar;C:\Users\YShashkova\.m2\repository\org\glassfish\grizzly\grizzly-http\2.4.4\grizzly-http-2.4.4.jar;C:\Users\YShashkova\.m2\repository\org\glassfish\grizzly\grizzly-framework\2.4.4\grizzly-framework-2.4.4.jar;C:\Users\YShashkova\.m2\repository\jakarta\ws\rs\jakarta.ws.rs-api\2.1.6\jakarta.ws.rs-api-2.1.6.jar;C:\Users\YShashkova\.m2\repository\org\glassfish\jersey\core\jersey-server\2.35\jersey-server-2.35.jar;C:\Users\YShashkova\.m2\repository\org\glassfish\jersey\core\jersey-client\2.35\jersey-client-2.35.jar;C:\Users\YShashkova\.m2\repository\jakarta\annotation\jakarta.annotation-api\1.3.5\jakarta.annotation-api-1.3.5.jar;C:\Users\YShashkova\.m2\repository\jakarta\validation\jakarta.validation-api\2.0.2\jakarta.validation-api-2.0.2.jar;C:\Users\YShashkova\.m2\repository\org\apache\httpcomponents\httpclient\4.5.13\httpclient-4.5.13.jar;C:\Users\YShashkova\.m2\repository\org\apache\httpcomponents\httpcore\4.4.13\httpcore-4.4.13.jar;C:\Users\YShashkova\.m2\repository\commons-logging\commons-logging\1.2\commons-logging-1.2.jar;C:\Users\YShashkova\.m2\repository\commons-codec\commons-codec\1.11\commons-codec-1.11.jar;C:\Users\YShashkova\.m2\repository\org\apache\httpcomponents\httpmime\4.5.13\httpmime-4.5.13.jar;C:\Users\YShashkova\.m2\repository\commons-io\commons-io\2.11.0\commons-io-2.11.0.jar;C:\Users\YShashkova\.m2\repository\org\slf4j\slf4j-api\2.0.3\slf4j-api-2.0.3.jar;C:\Users\YShashkova\.m2\repository\com\github\javafaker\javafaker\1.0.2\javafaker-1.0.2.jar;C:\Users\YShashkova\.m2\repository\org\apache\commons\commons-lang3\3.5\commons-lang3-3.5.jar;C:\Users\YShashkova\.m2\repository\org\yaml\snakeyaml\1.23\snakeyaml-1.23-android.jar;C:\Users\YShashkova\.m2\repository\io\rest-assured\rest-assured\5.3.1\rest-assured-5.3.1.jar;C:\Users\YShashkova\.m2\repository\org\apache\groovy\groovy\4.0.11\groovy-4.0.11.jar;C:\Users\YShashkova\.m2\repository\org\apache\groovy\groovy-xml\4.0.11\groovy-xml-4.0.11.jar;C:\Users\YShashkova\.m2\repository\org\hamcrest\hamcrest\2.2\hamcrest-2.2.jar;C:\Users\YShashkova\.m2\repository\org\ccil\cowan\tagsoup\tagsoup\1.2.1\tagsoup-1.2.1.jar;C:\Users\YShashkova\.m2\repository\io\rest-assured\json-path\5.3.1\json-path-5.3.1.jar;C:\Users\YShashkova\.m2\repository\org\apache\groovy\groovy-json\4.0.11\groovy-json-4.0.11.jar;C:\Users\YShashkova\.m2\repository\io\rest-assured\rest-assured-common\5.3.1\rest-assured-common-5.3.1.jar;C:\Users\YShashkova\.m2\repository\io\rest-assured\xml-path\5.3.1\xml-path-5.3.1.jar;C:\Users\YShashkova\.m2\repository\org\junit-pioneer\junit-pioneer\2.0.1\junit-pioneer-2.0.1.jar;C:\Users\YShashkova\.m2\repository\org\junit\jupiter\junit-jupiter-api\5.9.3\junit-jupiter-api-5.9.3.jar;C:\Users\YShashkova\.m2\repository\org\opentest4j\opentest4j\1.2.0\opentest4j-1.2.0.jar;C:\Users\YShashkova\.m2\repository\org\junit\platform\junit-platform-commons\1.9.3\junit-platform-commons-1.9.3.jar;C:\Users\YShashkova\.m2\repository\org\apiguardian\apiguardian-api\1.1.2\apiguardian-api-1.1.2.jar;C:\Users\YShashkova\.m2\repository\org\junit\jupiter\junit-jupiter-params\5.9.3\junit-jupiter-params-5.9.3.jar;C:\Users\YShashkova\.m2\repository\org\junit\platform\junit-platform-launcher\1.9.3\junit-platform-launcher-1.9.3.jar;C:\Users\YShashkova\.m2\repository\org\junit\platform\junit-platform-engine\1.9.3\junit-platform-engine-1.9.3.jar;C:\Users\YShashkova\.m2\repository\io\github\artsok\rerunner-jupiter\2.1.6\rerunner-jupiter-2.1.6.jar;C:\Users\YShashkova\.m2\repository\org\junit\jupiter\junit-jupiter-engine\5.9.3\junit-jupiter-engine-5.9.3.jar;C:\Users\YShashkova\.m2\repository\org\assertj\assertj-core\3.24.2\assertj-core-3.24.2.jar;C:\Users\YShashkova\.m2\repository\net\bytebuddy\byte-buddy\1.12.21\byte-buddy-1.12.21.jar;C:\Users\YShashkova\.m2\repository\org\projectlombok\lombok\1.18.28\lombok-1.18.28.jar;C:\Users\YShashkova\.m2\repository\org\junit\jupiter\junit-jupiter\5.9.3\junit-jupiter-5.9.3.jar;C:\Users\YShashkova\.m2\repository\com\codeborne\selenide\6.19.0\selenide-6.19.0.jar;C:\Users\YShashkova\.m2\repository\org\seleniumhq\selenium\selenium-java\4.13.0\selenium-java-4.13.0.jar;C:\Users\YShashkova\.m2\repository\org\seleniumhq\selenium\selenium-api\4.13.0\selenium-api-4.13.0.jar;C:\Users\YShashkova\.m2\repository\org\seleniumhq\selenium\selenium-chrome-driver\4.13.0\selenium-chrome-driver-4.13.0.jar;C:\Users\YShashkova\.m2\repository\com\google\auto\service\auto-service-annotations\1.1.1\auto-service-annotations-1.1.1.jar;C:\Users\YShashkova\.m2\repository\org\seleniumhq\selenium\selenium-chromium-driver\4.13.0\selenium-chromium-driver-4.13.0.jar;C:\Users\YShashkova\.m2\repository\org\seleniumhq\selenium\selenium-json\4.13.0\selenium-json-4.13.0.jar;C:\Users\YShashkova\.m2\repository\org\seleniumhq\selenium\selenium-manager\4.13.0\selenium-manager-4.13.0.jar;C:\Users\YShashkova\.m2\repository\org\seleniumhq\selenium\selenium-devtools-v115\4.13.0\selenium-devtools-v115-4.13.0.jar;C:\Users\YShashkova\.m2\repository\org\seleniumhq\selenium\selenium-devtools-v116\4.13.0\selenium-devtools-v116-4.13.0.jar;C:\Users\YShashkova\.m2\repository\org\seleniumhq\selenium\selenium-devtools-v117\4.13.0\selenium-devtools-v117-4.13.0.jar;C:\Users\YShashkova\.m2\repository\org\seleniumhq\selenium\selenium-devtools-v85\4.13.0\selenium-devtools-v85-4.13.0.jar;C:\Users\YShashkova\.m2\repository\org\seleniumhq\selenium\selenium-edge-driver\4.13.0\selenium-edge-driver-4.13.0.jar;C:\Users\YShashkova\.m2\repository\org\seleniumhq\selenium\selenium-firefox-driver\4.13.0\selenium-firefox-driver-4.13.0.jar;C:\Users\YShashkova\.m2\repository\org\seleniumhq\selenium\selenium-http\4.13.0\selenium-http-4.13.0.jar;C:\Users\YShashkova\.m2\repository\dev\failsafe\failsafe\3.3.2\failsafe-3.3.2.jar;C:\Users\YShashkova\.m2\repository\org\seleniumhq\selenium\selenium-ie-driver\4.13.0\selenium-ie-driver-4.13.0.jar;C:\Users\YShashkova\.m2\repository\org\seleniumhq\selenium\selenium-remote-driver\4.13.0\selenium-remote-driver-4.13.0.jar;C:\Users\YShashkova\.m2\repository\io\netty\netty-transport-native-epoll\4.1.96.Final\netty-transport-native-epoll-4.1.96.Final.jar;C:\Users\YShashkova\.m2\repository\io\netty\netty-transport-native-kqueue\4.1.96.Final\netty-transport-native-kqueue-4.1.96.Final.jar;C:\Users\YShashkova\.m2\repository\io\opentelemetry\opentelemetry-api\1.28.0\opentelemetry-api-1.28.0.jar;C:\Users\YShashkova\.m2\repository\io\opentelemetry\opentelemetry-context\1.28.0\opentelemetry-context-1.28.0.jar;C:\Users\YShashkova\.m2\repository\io\opentelemetry\opentelemetry-exporter-logging\1.28.0\opentelemetry-exporter-logging-1.28.0.jar;C:\Users\YShashkova\.m2\repository\io\opentelemetry\opentelemetry-sdk-metrics\1.28.0\opentelemetry-sdk-metrics-1.28.0.jar;C:\Users\YShashkova\.m2\repository\io\opentelemetry\opentelemetry-extension-incubator\1.28.0-alpha\opentelemetry-extension-incubator-1.28.0-alpha.jar;C:\Users\YShashkova\.m2\repository\io\opentelemetry\opentelemetry-sdk-logs\1.28.0\opentelemetry-sdk-logs-1.28.0.jar;C:\Users\YShashkova\.m2\repository\io\opentelemetry\opentelemetry-sdk-common\1.28.0\opentelemetry-sdk-common-1.28.0.jar;C:\Users\YShashkova\.m2\repository\io\opentelemetry\opentelemetry-sdk-extension-autoconfigure-spi\1.28.0\opentelemetry-sdk-extension-autoconfigure-spi-1.28.0.jar;C:\Users\YShashkova\.m2\repository\io\opentelemetry\opentelemetry-sdk-extension-autoconfigure\1.28.0\opentelemetry-sdk-extension-autoconfigure-1.28.0.jar;C:\Users\YShashkova\.m2\repository\io\opentelemetry\opentelemetry-api-events\1.28.0-alpha\opentelemetry-api-events-1.28.0-alpha.jar;C:\Users\YShashkova\.m2\repository\io\opentelemetry\opentelemetry-sdk-trace\1.28.0\opentelemetry-sdk-trace-1.28.0.jar;C:\Users\YShashkova\.m2\repository\io\opentelemetry\opentelemetry-sdk\1.28.0\opentelemetry-sdk-1.28.0.jar;C:\Users\YShashkova\.m2\repository\io\opentelemetry\opentelemetry-semconv\1.28.0-alpha\opentelemetry-semconv-1.28.0-alpha.jar;C:\Users\YShashkova\.m2\repository\org\asynchttpclient\async-http-client\2.12.3\async-http-client-2.12.3.jar;C:\Users\YShashkova\.m2\repository\org\asynchttpclient\async-http-client-netty-utils\2.12.3\async-http-client-netty-utils-2.12.3.jar;C:\Users\YShashkova\.m2\repository\org\reactivestreams\reactive-streams\1.0.3\reactive-streams-1.0.3.jar;C:\Users\YShashkova\.m2\repository\com\typesafe\netty\netty-reactive-streams\2.0.4\netty-reactive-streams-2.0.4.jar;C:\Users\YShashkova\.m2\repository\com\sun\activation\jakarta.activation\1.2.2\jakarta.activation-1.2.2.jar;C:\Users\YShashkova\.m2\repository\org\seleniumhq\selenium\selenium-os\4.13.0\selenium-os-4.13.0.jar;C:\Users\YShashkova\.m2\repository\org\apache\commons\commons-exec\1.3\commons-exec-1.3.jar;C:\Users\YShashkova\.m2\repository\org\seleniumhq\selenium\selenium-safari-driver\4.13.0\selenium-safari-driver-4.13.0.jar;C:\Users\YShashkova\.m2\repository\org\seleniumhq\selenium\selenium-support\4.13.0\selenium-support-4.13.0.jar;C:\Users\YShashkova\.m2\repository\com\codeborne\selenide-core\6.19.0\selenide-core-6.19.0.jar;C:\Users\YShashkova\.m2\repository\org\apache\httpcomponents\client5\httpclient5\5.2.1\httpclient5-5.2.1.jar;C:\Users\YShashkova\.m2\repository\org\apache\httpcomponents\core5\httpcore5\5.2\httpcore5-5.2.jar;C:\Users\YShashkova\.m2\repository\org\apache\httpcomponents\core5\httpcore5-h2\5.2\httpcore5-h2-5.2.jar;C:\Users\YShashkova\.m2\repository\com\google\guava\guava\32.1.2-jre\guava-32.1.2-jre.jar;C:\Users\YShashkova\.m2\repository\com\google\guava\failureaccess\1.0.1\failureaccess-1.0.1.jar;C:\Users\YShashkova\.m2\repository\com\google\guava\listenablefuture\9999.0-empty-to-avoid-conflict-with-guava\listenablefuture-9999.0-empty-to-avoid-conflict-with-guava.jar;C:\Users\YShashkova\.m2\repository\com\google\code\findbugs\jsr305\3.0.2\jsr305-3.0.2.jar;C:\Users\YShashkova\.m2\repository\org\checkerframework\checker-qual\3.33.0\checker-qual-3.33.0.jar;C:\Users\YShashkova\.m2\repository\com\google\errorprone\error_prone_annotations\2.18.0\error_prone_annotations-2.18.0.jar;C:\Users\YShashkova\.m2\repository\com\google\j2objc\j2objc-annotations\2.8\j2objc-annotations-2.8.jar;C:\Users\YShashkova\.m2\repository\com\codeborne\selenide-proxy\6.19.0\selenide-proxy-6.19.0.jar;C:\Users\YShashkova\.m2\repository\com\github\valfirst\browserup-proxy\browserup-proxy-core\2.2.13\browserup-proxy-core-2.2.13.jar;C:\Users\YShashkova\.m2\repository\de\sstoehr\har-reader\2.2.1\har-reader-2.2.1.jar;C:\Users\YShashkova\.m2\repository\com\github\valfirst\browserup-proxy\browserup-proxy-mitm\2.2.13\browserup-proxy-mitm-2.2.13.jar;C:\Users\YShashkova\.m2\repository\javax\xml\bind\jaxb-api\2.3.1\jaxb-api-2.3.1.jar;C:\Users\YShashkova\.m2\repository\javax\activation\javax.activation-api\1.2.0\javax.activation-api-1.2.0.jar;C:\Users\YShashkova\.m2\repository\org\awaitility\awaitility\4.2.0\awaitility-4.2.0.jar;C:\Users\YShashkova\.m2\repository\com\jcraft\jzlib\1.1.3\jzlib-1.1.3.jar;C:\Users\YShashkova\.m2\repository\dnsjava\dnsjava\3.5.2\dnsjava-3.5.2.jar;C:\Users\YShashkova\.m2\repository\org\bouncycastle\bcpkix-jdk18on\1.76\bcpkix-jdk18on-1.76.jar;C:\Users\YShashkova\.m2\repository\org\bouncycastle\bcutil-jdk18on\1.76\bcutil-jdk18on-1.76.jar;C:\Users\YShashkova\.m2\repository\org\bouncycastle\bcprov-jdk18on\1.76\bcprov-jdk18on-1.76.jar;C:\Users\YShashkova\.m2\repository\org\brotli\dec\0.1.2\dec-0.1.2.jar;C:\Users\YShashkova\.m2\repository\org\slf4j\jcl-over-slf4j\2.0.9\jcl-over-slf4j-2.0.9.jar;C:\Users\YShashkova\.m2\repository\com\squareup\okhttp3\okhttp\4.11.0\okhttp-4.11.0.jar;C:\Users\YShashkova\.m2\repository\com\squareup\okio\okio\3.2.0\okio-3.2.0.jar;C:\Users\YShashkova\.m2\repository\com\squareup\okio\okio-jvm\3.2.0\okio-jvm-3.2.0.jar;C:\Users\YShashkova\.m2\repository\org\jetbrains\kotlin\kotlin-stdlib\1.6.20\kotlin-stdlib-1.6.20.jar;C:\Users\YShashkova\.m2\repository\org\jetbrains\kotlin\kotlin-stdlib-common\1.6.20\kotlin-stdlib-common-1.6.20.jar;C:\Users\YShashkova\.m2\repository\org\jetbrains\annotations\13.0\annotations-13.0.jar;C:\Users\YShashkova\.m2\repository\org\jetbrains\kotlin\kotlin-stdlib-jdk8\1.6.20\kotlin-stdlib-jdk8-1.6.20.jar;C:\Users\YShashkova\.m2\repository\org\jetbrains\kotlin\kotlin-stdlib-jdk7\1.6.20\kotlin-stdlib-jdk7-1.6.20.jar;C:\Users\YShashkova\.m2\repository\org\zeroturnaround\zt-exec\1.12\zt-exec-1.12.jar;C:\Users\YShashkova\.m2\repository\xyz\rogfam\littleproxy\2.0.21\littleproxy-2.0.21.jar;C:\Users\YShashkova\.m2\repository\com\barchart\udt\barchart-udt-bundle\2.3.0\barchart-udt-bundle-2.3.0.jar;C:\Users\YShashkova\.m2\repository\io\netty\netty-all\4.1.98.Final\netty-all-4.1.98.Final.jar;C:\Users\YShashkova\.m2\repository\io\netty\netty-buffer\4.1.98.Final\netty-buffer-4.1.98.Final.jar;C:\Users\YShashkova\.m2\repository\io\netty\netty-codec\4.1.98.Final\netty-codec-4.1.98.Final.jar;C:\Users\YShashkova\.m2\repository\io\netty\netty-codec-dns\4.1.98.Final\netty-codec-dns-4.1.98.Final.jar;C:\Users\YShashkova\.m2\repository\io\netty\netty-codec-haproxy\4.1.98.Final\netty-codec-haproxy-4.1.98.Final.jar;C:\Users\YShashkova\.m2\repository\io\netty\netty-codec-http\4.1.98.Final\netty-codec-http-4.1.98.Final.jar;C:\Users\YShashkova\.m2\repository\io\netty\netty-codec-http2\4.1.98.Final\netty-codec-http2-4.1.98.Final.jar;C:\Users\YShashkova\.m2\repository\io\netty\netty-codec-memcache\4.1.98.Final\netty-codec-memcache-4.1.98.Final.jar;C:\Users\YShashkova\.m2\repository\io\netty\netty-codec-mqtt\4.1.98.Final\netty-codec-mqtt-4.1.98.Final.jar;C:\Users\YShashkova\.m2\repository\io\netty\netty-codec-redis\4.1.98.Final\netty-codec-redis-4.1.98.Final.jar;C:\Users\YShashkova\.m2\repository\io\netty\netty-codec-smtp\4.1.98.Final\netty-codec-smtp-4.1.98.Final.jar;C:\Users\YShashkova\.m2\repository\io\netty\netty-codec-socks\4.1.98.Final\netty-codec-socks-4.1.98.Final.jar;C:\Users\YShashkova\.m2\repository\io\netty\netty-codec-stomp\4.1.98.Final\netty-codec-stomp-4.1.98.Final.jar;C:\Users\YShashkova\.m2\repository\io\netty\netty-codec-xml\4.1.98.Final\netty-codec-xml-4.1.98.Final.jar;C:\Users\YShashkova\.m2\repository\io\netty\netty-common\4.1.98.Final\netty-common-4.1.98.Final.jar;C:\Users\YShashkova\.m2\repository\io\netty\netty-handler\4.1.98.Final\netty-handler-4.1.98.Final.jar;C:\Users\YShashkova\.m2\repository\io\netty\netty-transport-native-unix-common\4.1.98.Final\netty-transport-native-unix-common-4.1.98.Final.jar;C:\Users\YShashkova\.m2\repository\io\netty\netty-handler-proxy\4.1.98.Final\netty-handler-proxy-4.1.98.Final.jar;C:\Users\YShashkova\.m2\repository\io\netty\netty-handler-ssl-ocsp\4.1.98.Final\netty-handler-ssl-ocsp-4.1.98.Final.jar;C:\Users\YShashkova\.m2\repository\io\netty\netty-resolver\4.1.98.Final\netty-resolver-4.1.98.Final.jar;C:\Users\YShashkova\.m2\repository\io\netty\netty-resolver-dns\4.1.98.Final\netty-resolver-dns-4.1.98.Final.jar;C:\Users\YShashkova\.m2\repository\io\netty\netty-transport\4.1.98.Final\netty-transport-4.1.98.Final.jar;C:\Users\YShashkova\.m2\repository\io\netty\netty-transport-rxtx\4.1.98.Final\netty-transport-rxtx-4.1.98.Final.jar;C:\Users\YShashkova\.m2\repository\io\netty\netty-transport-sctp\4.1.98.Final\netty-transport-sctp-4.1.98.Final.jar;C:\Users\YShashkova\.m2\repository\io\netty\netty-transport-udt\4.1.98.Final\netty-transport-udt-4.1.98.Final.jar;C:\Users\YShashkova\.m2\repository\io\netty\netty-transport-classes-epoll\4.1.98.Final\netty-transport-classes-epoll-4.1.98.Final.jar;C:\Users\YShashkova\.m2\repository\io\netty\netty-transport-classes-kqueue\4.1.98.Final\netty-transport-classes-kqueue-4.1.98.Final.jar;C:\Users\YShashkova\.m2\repository\io\netty\netty-resolver-dns-classes-macos\4.1.98.Final\netty-resolver-dns-classes-macos-4.1.98.Final.jar;C:\Users\YShashkova\.m2\repository\io\netty\netty-transport-native-epoll\4.1.98.Final\netty-transport-native-epoll-4.1.98.Final-linux-x86_64.jar;C:\Users\YShashkova\.m2\repository\io\netty\netty-transport-native-epoll\4.1.98.Final\netty-transport-native-epoll-4.1.98.Final-linux-aarch_64.jar;C:\Users\YShashkova\.m2\repository\io\netty\netty-transport-native-kqueue\4.1.98.Final\netty-transport-native-kqueue-4.1.98.Final-osx-x86_64.jar;C:\Users\YShashkova\.m2\repository\io\netty\netty-transport-native-kqueue\4.1.98.Final\netty-transport-native-kqueue-4.1.98.Final-osx-aarch_64.jar;C:\Users\YShashkova\.m2\repository\io\netty\netty-resolver-dns-native-macos\4.1.98.Final\netty-resolver-dns-native-macos-4.1.98.Final-osx-x86_64.jar;C:\Users\YShashkova\.m2\repository\io\netty\netty-resolver-dns-native-macos\4.1.98.Final\netty-resolver-dns-native-macos-4.1.98.Final-osx-aarch_64.jar;C:\Users\YShashkova\.m2\repository\io\qameta\allure\allure-selenide\2.22.2\allure-selenide-2.22.2.jar;C:\Users\YShashkova\.m2\repository\io\qameta\allure\allure-java-commons\2.22.2\allure-java-commons-2.22.2.jar;C:\Users\YShashkova\.m2\repository\io\qameta\allure\allure-model\2.22.2\allure-model-2.22.2.jar;C:\Users\YShashkova\.m2\repository\io\qameta\allure\allure-junit5\2.22.2\allure-junit5-2.22.2.jar;C:\Users\YShashkova\.m2\repository\io\qameta\allure\allure-junit-platform\2.22.2\allure-junit-platform-2.22.2.jar;C:\Users\YShashkova\.m2\repository\io\qameta\allure\allure-test-filter\2.22.2\allure-test-filter-2.22.2.jar;C:\Users\YShashkova\.m2\repository\org\slf4j\slf4j-simple\2.0.7\slf4j-simple-2.0.7.jar;C:\Users\YShashkova\.m2\repository\com\jayway\jsonpath\json-path\2.8.0\json-path-2.8.0.jar;C:\Users\YShashkova\.m2\repository\net\minidev\json-smart\2.4.10\json-smart-2.4.10.jar;C:\Users\YShashkova\.m2\repository\net\minidev\accessors-smart\2.4.9\accessors-smart-2.4.9.jar;C:\Users\YShashkova\.m2\repository\org\ow2\asm\asm\9.3\asm-9.3.jar;"/>
    <property name="sun.cpu.endian" value="little"/>
    <property name="allure.results.directory" value="C:\Users\YShashkova\IdeaProjects\demoQA\target/allure-results"/>
    <property name="user.home" value="C:\Users\YShashkova"/>
    <property name="user.language" value="ru"/>
    <property name="java.specification.vendor" value="Oracle Corporation"/>
    <property name="java.version.date" value="2021-10-19"/>
    <property name="java.home" value="C:\Program Files\Java\jdk-11.0.13"/>
    <property name="file.separator" value="\"/>
    <property name="basedir" value="C:\Users\YShashkova\IdeaProjects\demoQA"/>
    <property name="java.vm.compressedOopsMode" value="32-bit"/>
    <property name="line.separator" value="&#10;"/>
    <property name="java.specification.name" value="Java Platform API Specification"/>
    <property name="java.vm.specification.vendor" value="Oracle Corporation"/>
    <property name="java.awt.graphicsenv" value="sun.awt.Win32GraphicsEnvironment"/>
    <property name="surefire.real.class.path" value="C:\Users\YShashkova\AppData\Local\Temp\surefire15655454255866972569\surefirebooter-20231205082949350_3.jar"/>
    <property name="user.script" value=""/>
    <property name="sun.management.compiler" value="HotSpot 64-Bit Tiered Compilers"/>
    <property name="java.runtime.version" value="11.0.13+10-LTS-370"/>
    <property name="user.name" value="yshashkova"/>
    <property name="path.separator" value=";"/>
    <property name="os.version" value="10.0"/>
    <property name="java.runtime.name" value="Java(TM) SE Runtime Environment"/>
    <property name="file.encoding" value="Cp1251"/>
    <property name="java.vm.name" value="Java HotSpot(TM) 64-Bit Server VM"/>
    <property name="java.vendor.version" value="18.9"/>
    <property name="localRepository" value="C:\Users\YShashkova\.m2\repository"/>
    <property name="java.vendor.url.bug" value="https://bugreport.java.com/bugreport/"/>
    <property name="java.io.tmpdir" value="C:\Users\YSHASH~1\AppData\Local\Temp\"/>
    <property name="java.version" value="11.0.13"/>
    <property name="user.dir" value="C:\Users\YShashkova\IdeaProjects\demoQA"/>
    <property name="os.arch" value="amd64"/>
    <property name="java.vm.specification.name" value="Java Virtual Machine Specification"/>
    <property name="java.awt.printerjob" value="sun.awt.windows.WPrinterJob"/>
    <property name="sun.os.patch.level" value=""/>
    <property name="java.library.path" value="C:\Program Files\Java\jdk-11.0.13\bin;C:\WINDOWS\Sun\Java\bin;C:\WINDOWS\system32;C:\WINDOWS;C:\Users\YShashkova\Desktop\sqlDB\dbhomeXE\bin;C:\Program Files\Java\jdk-11.0.13\bin;C:\Program Files\Common Files\Oracle\Java\javapath;C:\Program Files (x86)\Common Files\Oracle\Java\javapath;C:\ProgramData\Oracle\Java\javapath;C:\WINDOWS\system32;C:\WINDOWS;C:\WINDOWS\System32\Wbem;C:\WINDOWS\System32\WindowsPowerShell\v1.0\;C:\WINDOWS\System32\OpenSSH\;C:\Program Files (x86)\Microsoft SQL Server\150\DTS\Binn\;C:\Program Files\Azure Data Studio\bin;C:\Program Files\Git\cmd;C:\Program Files\Java\jdk-11.0.13\bin;C:\Program Files\apache-maven-3.9.5\bin;C:\Users\YShashkova\Desktop\allure-2.24.1\bin;;C:\Program Files\Docker\Docker\resources\bin;C:\Program Files\MySQL\MySQL Shell 8.0\bin\;C:\Users\YShashkova\AppData\Local\Microsoft\WindowsApps;;C:\Program Files\Azure Data Studio\bin;C:\Users\YShashkova\AppData\Local\Programs\Microsoft VS Code\bin;."/>
    <property name="junit.jupiter.extensions.autodetection.enabled" value="true"/>
    <property name="java.vendor" value="Oracle Corporation"/>
    <property name="java.vm.info" value="mixed mode"/>
    <property name="java.vm.version" value="11.0.13+10-LTS-370"/>
    <property name="sun.io.unicode.encoding" value="UnicodeLittle"/>
    <property name="java.class.version" value="55.0"/>
  </properties>
  <testcase name="inputTelephoneNumberNegativeTest" classname="test.StartTest" time="53.158">
    <system-out><![CDATA[Открываем Practice Form
Вводим Телефон
Получаем цвет поля Телефон
]]></system-out>
    <system-err><![CDATA[[main] INFO com.codeborne.selenide.impl.WebDriverThreadLocalContainer - No webdriver is bound to current thread: 1 - let's create a new webdriver
[main] INFO com.codeborne.selenide.webdriver.WebDriverFactory - BrowserName=chrome Version=119.0.6045.123 Platform=linux
[main] INFO com.codeborne.selenide.webdriver.WebDriverFactory - Selenide v. 6.19.0
[main] INFO com.codeborne.selenide.webdriver.WebDriverFactory - Selenium WebDriver v. 4.13.0 build revision: ba948ece5b*
[main] INFO com.codeborne.selenide.drivercommands.CreateDriverCommand - Created webdriver in thread 1: RemoteWebDriver -> RemoteWebDriver: chrome on linux (b41d1474356d9ef7f9c00dfcd1ce12d0)
[main] INFO com.codeborne.selenide.drivercommands.DisposablesRegistry - Register WebDriverInstance[config=StaticConfig,webDriver=RemoteWebDriver: chrome on linux (b41d1474356d9ef7f9c00dfcd1ce12d0),proxy=null,downloadsFolder=null] in 1 [size=1]
[main] INFO com.codeborne.selenide.drivercommands.CloseDriverCommand - Close webdriver: 1 -> RemoteWebDriver: chrome on linux (b41d1474356d9ef7f9c00dfcd1ce12d0)...
[main] INFO com.codeborne.selenide.drivercommands.CloseDriverCommand - Closed webdriver 1 in 177 ms
[main] INFO com.codeborne.selenide.drivercommands.DisposablesRegistry - Unregister WebDriverInstance[config=StaticConfig,webDriver=RemoteWebDriver: chrome on linux (null),proxy=null,downloadsFolder=null] in 1 [size=0]
]]></system-err>
  </testcase>
  <testcase name="fillUpPageTest" classname="test.StartTest" time="58.125">
    <system-out><![CDATA[Открываем Practice Form
Вводим Имя
Вводим Фамилия
Вводим Почту
Нажимаем Выбор пола
Вводим Телефон
Заполняем Предметы
Нажимаем Хобби
Загружаем Изображение
Вводим Адрес
Выбираем Штат
Выбираем Город
Итоговая таблица загрузилась
Проверяем имя и фамилию
Проверяем почту
Проверяем пол
Проверяем номер телефона
Проверяем дату рождения
Проверяем предмет
Проверяем хобби
Проверяем загруженный файл
Проверяем адрес
Проверяем штат и город
]]></system-out>
    <system-err><![CDATA[[main] INFO com.codeborne.selenide.impl.WebDriverThreadLocalContainer - No webdriver is bound to current thread: 1 - let's create a new webdriver
[main] INFO com.codeborne.selenide.webdriver.WebDriverFactory - BrowserName=chrome Version=119.0.6045.123 Platform=linux
[main] INFO com.codeborne.selenide.webdriver.WebDriverFactory - Selenide v. 6.19.0
[main] INFO com.codeborne.selenide.webdriver.WebDriverFactory - Selenium WebDriver v. 4.13.0 build revision: ba948ece5b*
[main] INFO com.codeborne.selenide.drivercommands.CreateDriverCommand - Created webdriver in thread 1: RemoteWebDriver -> RemoteWebDriver: chrome on linux (84023b765480166525d71a95158b33ef)
[main] INFO com.codeborne.selenide.drivercommands.DisposablesRegistry - Register WebDriverInstance[config=StaticConfig,webDriver=RemoteWebDriver: chrome on linux (84023b765480166525d71a95158b33ef),proxy=null,downloadsFolder=null] in 1 [size=1]
[main] INFO com.codeborne.selenide.drivercommands.CloseDriverCommand - Close webdriver: 1 -> RemoteWebDriver: chrome on linux (84023b765480166525d71a95158b33ef)...
[main] INFO com.codeborne.selenide.drivercommands.CloseDriverCommand - Closed webdriver 1 in 214 ms
[main] INFO com.codeborne.selenide.drivercommands.DisposablesRegistry - Unregister WebDriverInstance[config=StaticConfig,webDriver=RemoteWebDriver: chrome on linux (null),proxy=null,downloadsFolder=null] in 1 [size=0]
]]></system-err>
  </testcase>
  <testcase name="fillUpPageNegativeTest" classname="test.StartTest" time="43.546">
    <system-out><![CDATA[Открываем Practice Form
Получаем цвет поля Имя
Получаем цвет поля Фамилия
Получаем цвет поля Телефон
Получаем цвет кнопки Выбор пола
]]></system-out>
    <system-err><![CDATA[[main] INFO com.codeborne.selenide.impl.WebDriverThreadLocalContainer - No webdriver is bound to current thread: 1 - let's create a new webdriver
[main] INFO com.codeborne.selenide.webdriver.WebDriverFactory - BrowserName=chrome Version=119.0.6045.123 Platform=linux
[main] INFO com.codeborne.selenide.webdriver.WebDriverFactory - Selenide v. 6.19.0
[main] INFO com.codeborne.selenide.webdriver.WebDriverFactory - Selenium WebDriver v. 4.13.0 build revision: ba948ece5b*
[main] INFO com.codeborne.selenide.drivercommands.CreateDriverCommand - Created webdriver in thread 1: RemoteWebDriver -> RemoteWebDriver: chrome on linux (02a3e1769fa6d1707f60df30b738cd9f)
[main] INFO com.codeborne.selenide.drivercommands.DisposablesRegistry - Register WebDriverInstance[config=StaticConfig,webDriver=RemoteWebDriver: chrome on linux (02a3e1769fa6d1707f60df30b738cd9f),proxy=null,downloadsFolder=null] in 1 [size=1]
[main] INFO com.codeborne.selenide.drivercommands.CloseDriverCommand - Close webdriver: 1 -> RemoteWebDriver: chrome on linux (02a3e1769fa6d1707f60df30b738cd9f)...
[main] INFO com.codeborne.selenide.drivercommands.CloseDriverCommand - Closed webdriver 1 in 178 ms
[main] INFO com.codeborne.selenide.drivercommands.DisposablesRegistry - Unregister WebDriverInstance[config=StaticConfig,webDriver=RemoteWebDriver: chrome on linux (null),proxy=null,downloadsFolder=null] in 1 [size=0]
]]></system-err>
  </testcase>
</testsuite>